<?xml version="1.0" encoding="utf-8"?><testsuites name="pytest tests"><testsuite name="pytest" errors="0" failures="0" skipped="0" tests="9" time="16.589" timestamp="2025-11-22T19:35:19.890750+08:00" hostname="xzrlaptop"><testcase classname="test_api" name="test_health" time="2.046" /><testcase classname="test_api" name="test_analyze_resume" time="2.053" /><testcase classname="test_auth" name="test_register_user" time="0.149" /><testcase classname="test_auth" name="test_register_existing_user" time="0.006" /><testcase classname="test_auth" name="test_login_user" time="0.138" /><testcase classname="test_auth" name="test_login_invalid_credentials" time="0.172" /><testcase classname="test_auth" name="test_read_users_me" time="0.154" /><testcase classname="test_kimi" name="test_kimi_connection" time="5.381" /><testcase classname="test_multimodal_flow" name="test_analysis" time="2.254" /></testsuite></testsuites>